<?xml version="1.0" encoding="UTF-8"?>
<testsuites name="TestSuitLab4" time="63.757" tests="7" failures="0" errors="0">
   <testsuite name="TestSuitLab4" tests="7" failures="0" errors="0" time="63.757" skipped="0" timestamp="21-03-2024T10:22:38" hostname="LENOVO - LAPTOP-P84GRBH0" id="Test Suites/TestSuitLab4">
      <properties>
         <property name="deviceName" value=""/>
         <property name="devicePlatform" value=""/>
         <property name="logFolder" value="C:\\Users\\LENOVO\\git\\LAB-4\\Reports\\20240321_102233\\TestSuitLab4\\20240321_102233"/>
         <property name="logFiles" value="C:\\Users\\LENOVO\\git\\LAB-4\\Reports\\20240321_102233\\TestSuitLab4\\20240321_102233\\execution0.log"/>
         <property name="attachments" value=""/>
         <property name="hostName" value="LENOVO - LAPTOP-P84GRBH0"/>
         <property name="os" value="Windows 11 64bit"/>
         <property name="katalonVersion" value="9.3.1.212"/>
         <property name="browser" value="Chrome 122.0.0.0"/>
         <property name="hostAddress" value="192.168.108.39"/>
         <property name="sessionId" value="ce848efccf8a9f6b7d8faa398f36fcd6"/>
         <property name="seleniumVersion" value="3.141.59"/>
         <property name="proxyInformation" value="ProxyInformation { proxyOption=NO_PROXY, proxyServerType=HTTP, username=, password=********, proxyServerAddress=, proxyServerPort=0, executionList=&quot;&quot;, isApplyToDesiredCapabilities=true }"/>
         <property name="platform" value="Windows 11"/>
      </properties>
      <testcase name="Test Cases/TestCaseLAB4" time="9.796" classname="Test Cases/TestCaseLAB4" status="PASSED">
         <system-out><![CDATA[21-03-2024T10:22:38 - [TEST_CASE][PASSED] - Test Cases/TestCaseLAB4: Test Cases/TestCaseLAB4

21-03-2024T10:22:39 - [TEST_STEP][PASSED] - openBrowser(""): Browser is opened with url: ''

21-03-2024T10:22:39 - [MESSAGE][INFO] - Starting 'Chrome' driver

21-03-2024T10:22:39 - [MESSAGE][INFO] - Action delay is set to 0 milliseconds

21-03-2024T10:22:41 - [MESSAGE][PASSED] - Browser is opened with url: ''

21-03-2024T10:22:41 - [TEST_STEP][PASSED] - navigateToUrl("https://www.saucedemo.com/"): Navigate to 'https://www.saucedemo.com/' successfully

21-03-2024T10:22:41 - [MESSAGE][PASSED] - Navigate to 'https://www.saucedemo.com/' successfully

21-03-2024T10:22:41 - [TEST_STEP][PASSED] - setText(findTestObject("Object Repository/Page_Swag Labs/input_Swag Labs_user-name"), username): Text '' is set on object 'Object Repository/Page_Swag Labs/input_Swag Labs_user-name'

21-03-2024T10:22:43 - [MESSAGE][PASSED] - Text '' is set on object 'Object Repository/Page_Swag Labs/input_Swag Labs_user-name'

21-03-2024T10:22:43 - [TEST_STEP][PASSED] - click(findTestObject("Object Repository/Page_Swag Labs/input_Swag Labs_user-name")): Object: 'Object Repository/Page_Swag Labs/input_Swag Labs_user-name' is clicked on

21-03-2024T10:22:44 - [MESSAGE][PASSED] - Object: 'Object Repository/Page_Swag Labs/input_Swag Labs_user-name' is clicked on

21-03-2024T10:22:44 - [TEST_STEP][PASSED] - setText(findTestObject("Object Repository/Page_Swag Labs/input_Swag Labs_password"), password): Text 'secret_sauce' is set on object 'Object Repository/Page_Swag Labs/input_Swag Labs_password'

21-03-2024T10:22:45 - [MESSAGE][PASSED] - Text 'secret_sauce' is set on object 'Object Repository/Page_Swag Labs/input_Swag Labs_password'

21-03-2024T10:22:45 - [TEST_STEP][PASSED] - click(findTestObject("Object Repository/Page_Swag Labs/input_Swag Labs_login-button")): Object: 'Object Repository/Page_Swag Labs/input_Swag Labs_login-button' is clicked on

21-03-2024T10:22:45 - [MESSAGE][PASSED] - Object: 'Object Repository/Page_Swag Labs/input_Swag Labs_login-button' is clicked on

21-03-2024T10:22:45 - [TEST_STEP][PASSED] - waitForAlert(3): No alert found after 3 second(s).

21-03-2024T10:22:48 - [MESSAGE][WARNING] - No alert found after 3 second(s).]]></system-out>
         <system-err><![CDATA[]]></system-err>
      </testcase>
      <testcase name="Test Cases/TestCaseLAB4" time="8.948" classname="Test Cases/TestCaseLAB4" status="PASSED">
         <system-out><![CDATA[21-03-2024T10:22:48 - [TEST_CASE][PASSED] - Test Cases/TestCaseLAB4: Test Cases/TestCaseLAB4

21-03-2024T10:22:48 - [TEST_STEP][PASSED] - openBrowser(""): Browser is opened with url: ''

21-03-2024T10:22:48 - [MESSAGE][WARNING] - A browser is already opened. Closing browser and opening a new one

21-03-2024T10:22:48 - [MESSAGE][INFO] - Starting 'Chrome' driver

21-03-2024T10:22:48 - [MESSAGE][INFO] - Action delay is set to 0 milliseconds

21-03-2024T10:22:49 - [MESSAGE][PASSED] - Browser is opened with url: ''

21-03-2024T10:22:49 - [TEST_STEP][PASSED] - navigateToUrl("https://www.saucedemo.com/"): Navigate to 'https://www.saucedemo.com/' successfully

21-03-2024T10:22:51 - [MESSAGE][PASSED] - Navigate to 'https://www.saucedemo.com/' successfully

21-03-2024T10:22:51 - [TEST_STEP][PASSED] - setText(findTestObject("Object Repository/Page_Swag Labs/input_Swag Labs_user-name"), username): Text 'error_user' is set on object 'Object Repository/Page_Swag Labs/input_Swag Labs_user-name'

21-03-2024T10:22:53 - [MESSAGE][PASSED] - Text 'error_user' is set on object 'Object Repository/Page_Swag Labs/input_Swag Labs_user-name'

21-03-2024T10:22:53 - [TEST_STEP][PASSED] - click(findTestObject("Object Repository/Page_Swag Labs/input_Swag Labs_user-name")): Object: 'Object Repository/Page_Swag Labs/input_Swag Labs_user-name' is clicked on

21-03-2024T10:22:53 - [MESSAGE][PASSED] - Object: 'Object Repository/Page_Swag Labs/input_Swag Labs_user-name' is clicked on

21-03-2024T10:22:53 - [TEST_STEP][PASSED] - setText(findTestObject("Object Repository/Page_Swag Labs/input_Swag Labs_password"), password): Text '' is set on object 'Object Repository/Page_Swag Labs/input_Swag Labs_password'

21-03-2024T10:22:54 - [MESSAGE][PASSED] - Text '' is set on object 'Object Repository/Page_Swag Labs/input_Swag Labs_password'

21-03-2024T10:22:54 - [TEST_STEP][PASSED] - click(findTestObject("Object Repository/Page_Swag Labs/input_Swag Labs_login-button")): Object: 'Object Repository/Page_Swag Labs/input_Swag Labs_login-button' is clicked on

21-03-2024T10:22:54 - [MESSAGE][PASSED] - Object: 'Object Repository/Page_Swag Labs/input_Swag Labs_login-button' is clicked on

21-03-2024T10:22:54 - [TEST_STEP][PASSED] - waitForAlert(3): No alert found after 3 second(s).

21-03-2024T10:22:57 - [MESSAGE][WARNING] - No alert found after 3 second(s).]]></system-out>
         <system-err><![CDATA[]]></system-err>
      </testcase>
      <testcase name="Test Cases/TestCaseLAB4" time="8.487" classname="Test Cases/TestCaseLAB4" status="PASSED">
         <system-out><![CDATA[21-03-2024T10:22:57 - [TEST_CASE][PASSED] - Test Cases/TestCaseLAB4: Test Cases/TestCaseLAB4

21-03-2024T10:22:57 - [TEST_STEP][PASSED] - openBrowser(""): Browser is opened with url: ''

21-03-2024T10:22:57 - [MESSAGE][WARNING] - A browser is already opened. Closing browser and opening a new one

21-03-2024T10:22:57 - [MESSAGE][INFO] - Starting 'Chrome' driver

21-03-2024T10:22:57 - [MESSAGE][INFO] - Action delay is set to 0 milliseconds

21-03-2024T10:22:58 - [MESSAGE][PASSED] - Browser is opened with url: ''

21-03-2024T10:22:58 - [TEST_STEP][PASSED] - navigateToUrl("https://www.saucedemo.com/"): Navigate to 'https://www.saucedemo.com/' successfully

21-03-2024T10:22:59 - [MESSAGE][PASSED] - Navigate to 'https://www.saucedemo.com/' successfully

21-03-2024T10:22:59 - [TEST_STEP][PASSED] - setText(findTestObject("Object Repository/Page_Swag Labs/input_Swag Labs_user-name"), username): Text '' is set on object 'Object Repository/Page_Swag Labs/input_Swag Labs_user-name'

21-03-2024T10:23:01 - [MESSAGE][PASSED] - Text '' is set on object 'Object Repository/Page_Swag Labs/input_Swag Labs_user-name'

21-03-2024T10:23:01 - [TEST_STEP][PASSED] - click(findTestObject("Object Repository/Page_Swag Labs/input_Swag Labs_user-name")): Object: 'Object Repository/Page_Swag Labs/input_Swag Labs_user-name' is clicked on

21-03-2024T10:23:01 - [MESSAGE][PASSED] - Object: 'Object Repository/Page_Swag Labs/input_Swag Labs_user-name' is clicked on

21-03-2024T10:23:01 - [TEST_STEP][PASSED] - setText(findTestObject("Object Repository/Page_Swag Labs/input_Swag Labs_password"), password): Text '' is set on object 'Object Repository/Page_Swag Labs/input_Swag Labs_password'

21-03-2024T10:23:02 - [MESSAGE][PASSED] - Text '' is set on object 'Object Repository/Page_Swag Labs/input_Swag Labs_password'

21-03-2024T10:23:02 - [TEST_STEP][PASSED] - click(findTestObject("Object Repository/Page_Swag Labs/input_Swag Labs_login-button")): Object: 'Object Repository/Page_Swag Labs/input_Swag Labs_login-button' is clicked on

21-03-2024T10:23:03 - [MESSAGE][PASSED] - Object: 'Object Repository/Page_Swag Labs/input_Swag Labs_login-button' is clicked on

21-03-2024T10:23:03 - [TEST_STEP][PASSED] - waitForAlert(3): No alert found after 3 second(s).

21-03-2024T10:23:06 - [MESSAGE][WARNING] - No alert found after 3 second(s).]]></system-out>
         <system-err><![CDATA[]]></system-err>
      </testcase>
      <testcase name="Test Cases/TestCaseLAB4" time="9.075" classname="Test Cases/TestCaseLAB4" status="PASSED">
         <system-out><![CDATA[21-03-2024T10:23:06 - [TEST_CASE][PASSED] - Test Cases/TestCaseLAB4: Test Cases/TestCaseLAB4

21-03-2024T10:23:06 - [TEST_STEP][PASSED] - openBrowser(""): Browser is opened with url: ''

21-03-2024T10:23:06 - [MESSAGE][WARNING] - A browser is already opened. Closing browser and opening a new one

21-03-2024T10:23:06 - [MESSAGE][INFO] - Starting 'Chrome' driver

21-03-2024T10:23:06 - [MESSAGE][INFO] - Action delay is set to 0 milliseconds

21-03-2024T10:23:07 - [MESSAGE][PASSED] - Browser is opened with url: ''

21-03-2024T10:23:07 - [TEST_STEP][PASSED] - navigateToUrl("https://www.saucedemo.com/"): Navigate to 'https://www.saucedemo.com/' successfully

21-03-2024T10:23:08 - [MESSAGE][PASSED] - Navigate to 'https://www.saucedemo.com/' successfully

21-03-2024T10:23:08 - [TEST_STEP][PASSED] - setText(findTestObject("Object Repository/Page_Swag Labs/input_Swag Labs_user-name"), username): Text 'ThanhHuyen' is set on object 'Object Repository/Page_Swag Labs/input_Swag Labs_user-name'

21-03-2024T10:23:10 - [MESSAGE][PASSED] - Text 'ThanhHuyen' is set on object 'Object Repository/Page_Swag Labs/input_Swag Labs_user-name'

21-03-2024T10:23:10 - [TEST_STEP][PASSED] - click(findTestObject("Object Repository/Page_Swag Labs/input_Swag Labs_user-name")): Object: 'Object Repository/Page_Swag Labs/input_Swag Labs_user-name' is clicked on

21-03-2024T10:23:11 - [MESSAGE][PASSED] - Object: 'Object Repository/Page_Swag Labs/input_Swag Labs_user-name' is clicked on

21-03-2024T10:23:11 - [TEST_STEP][PASSED] - setText(findTestObject("Object Repository/Page_Swag Labs/input_Swag Labs_password"), password): Text 'secret_sauce' is set on object 'Object Repository/Page_Swag Labs/input_Swag Labs_password'

21-03-2024T10:23:11 - [MESSAGE][PASSED] - Text 'secret_sauce' is set on object 'Object Repository/Page_Swag Labs/input_Swag Labs_password'

21-03-2024T10:23:11 - [TEST_STEP][PASSED] - click(findTestObject("Object Repository/Page_Swag Labs/input_Swag Labs_login-button")): Object: 'Object Repository/Page_Swag Labs/input_Swag Labs_login-button' is clicked on

21-03-2024T10:23:12 - [MESSAGE][PASSED] - Object: 'Object Repository/Page_Swag Labs/input_Swag Labs_login-button' is clicked on

21-03-2024T10:23:12 - [TEST_STEP][PASSED] - waitForAlert(3): No alert found after 3 second(s).

21-03-2024T10:23:15 - [MESSAGE][WARNING] - No alert found after 3 second(s).]]></system-out>
         <system-err><![CDATA[]]></system-err>
      </testcase>
      <testcase name="Test Cases/TestCaseLAB4" time="8.561" classname="Test Cases/TestCaseLAB4" status="PASSED">
         <system-out><![CDATA[21-03-2024T10:23:15 - [TEST_CASE][PASSED] - Test Cases/TestCaseLAB4: Test Cases/TestCaseLAB4

21-03-2024T10:23:15 - [TEST_STEP][PASSED] - openBrowser(""): Browser is opened with url: ''

21-03-2024T10:23:15 - [MESSAGE][WARNING] - A browser is already opened. Closing browser and opening a new one

21-03-2024T10:23:15 - [MESSAGE][INFO] - Starting 'Chrome' driver

21-03-2024T10:23:15 - [MESSAGE][INFO] - Action delay is set to 0 milliseconds

21-03-2024T10:23:16 - [MESSAGE][PASSED] - Browser is opened with url: ''

21-03-2024T10:23:16 - [TEST_STEP][PASSED] - navigateToUrl("https://www.saucedemo.com/"): Navigate to 'https://www.saucedemo.com/' successfully

21-03-2024T10:23:17 - [MESSAGE][PASSED] - Navigate to 'https://www.saucedemo.com/' successfully

21-03-2024T10:23:17 - [TEST_STEP][PASSED] - setText(findTestObject("Object Repository/Page_Swag Labs/input_Swag Labs_user-name"), username): Text 'error_user' is set on object 'Object Repository/Page_Swag Labs/input_Swag Labs_user-name'

21-03-2024T10:23:19 - [MESSAGE][PASSED] - Text 'error_user' is set on object 'Object Repository/Page_Swag Labs/input_Swag Labs_user-name'

21-03-2024T10:23:19 - [TEST_STEP][PASSED] - click(findTestObject("Object Repository/Page_Swag Labs/input_Swag Labs_user-name")): Object: 'Object Repository/Page_Swag Labs/input_Swag Labs_user-name' is clicked on

21-03-2024T10:23:19 - [MESSAGE][PASSED] - Object: 'Object Repository/Page_Swag Labs/input_Swag Labs_user-name' is clicked on

21-03-2024T10:23:19 - [TEST_STEP][PASSED] - setText(findTestObject("Object Repository/Page_Swag Labs/input_Swag Labs_password"), password): Text '12345' is set on object 'Object Repository/Page_Swag Labs/input_Swag Labs_password'

21-03-2024T10:23:20 - [MESSAGE][PASSED] - Text '12345' is set on object 'Object Repository/Page_Swag Labs/input_Swag Labs_password'

21-03-2024T10:23:20 - [TEST_STEP][PASSED] - click(findTestObject("Object Repository/Page_Swag Labs/input_Swag Labs_login-button")): Object: 'Object Repository/Page_Swag Labs/input_Swag Labs_login-button' is clicked on

21-03-2024T10:23:20 - [MESSAGE][PASSED] - Object: 'Object Repository/Page_Swag Labs/input_Swag Labs_login-button' is clicked on

21-03-2024T10:23:20 - [TEST_STEP][PASSED] - waitForAlert(3): No alert found after 3 second(s).

21-03-2024T10:23:23 - [MESSAGE][WARNING] - No alert found after 3 second(s).]]></system-out>
         <system-err><![CDATA[]]></system-err>
      </testcase>
      <testcase name="Test Cases/TestCaseLAB4" time="8.845" classname="Test Cases/TestCaseLAB4" status="PASSED">
         <system-out><![CDATA[21-03-2024T10:23:23 - [TEST_CASE][PASSED] - Test Cases/TestCaseLAB4: Test Cases/TestCaseLAB4

21-03-2024T10:23:23 - [TEST_STEP][PASSED] - openBrowser(""): Browser is opened with url: ''

21-03-2024T10:23:23 - [MESSAGE][WARNING] - A browser is already opened. Closing browser and opening a new one

21-03-2024T10:23:24 - [MESSAGE][INFO] - Starting 'Chrome' driver

21-03-2024T10:23:24 - [MESSAGE][INFO] - Action delay is set to 0 milliseconds

21-03-2024T10:23:24 - [MESSAGE][PASSED] - Browser is opened with url: ''

21-03-2024T10:23:24 - [TEST_STEP][PASSED] - navigateToUrl("https://www.saucedemo.com/"): Navigate to 'https://www.saucedemo.com/' successfully

21-03-2024T10:23:25 - [MESSAGE][PASSED] - Navigate to 'https://www.saucedemo.com/' successfully

21-03-2024T10:23:25 - [TEST_STEP][PASSED] - setText(findTestObject("Object Repository/Page_Swag Labs/input_Swag Labs_user-name"), username): Text 'ThanhHuyen' is set on object 'Object Repository/Page_Swag Labs/input_Swag Labs_user-name'

21-03-2024T10:23:28 - [MESSAGE][PASSED] - Text 'ThanhHuyen' is set on object 'Object Repository/Page_Swag Labs/input_Swag Labs_user-name'

21-03-2024T10:23:28 - [TEST_STEP][PASSED] - click(findTestObject("Object Repository/Page_Swag Labs/input_Swag Labs_user-name")): Object: 'Object Repository/Page_Swag Labs/input_Swag Labs_user-name' is clicked on

21-03-2024T10:23:28 - [MESSAGE][PASSED] - Object: 'Object Repository/Page_Swag Labs/input_Swag Labs_user-name' is clicked on

21-03-2024T10:23:28 - [TEST_STEP][PASSED] - setText(findTestObject("Object Repository/Page_Swag Labs/input_Swag Labs_password"), password): Text '12345' is set on object 'Object Repository/Page_Swag Labs/input_Swag Labs_password'

21-03-2024T10:23:29 - [MESSAGE][PASSED] - Text '12345' is set on object 'Object Repository/Page_Swag Labs/input_Swag Labs_password'

21-03-2024T10:23:29 - [TEST_STEP][PASSED] - click(findTestObject("Object Repository/Page_Swag Labs/input_Swag Labs_login-button")): Object: 'Object Repository/Page_Swag Labs/input_Swag Labs_login-button' is clicked on

21-03-2024T10:23:29 - [MESSAGE][PASSED] - Object: 'Object Repository/Page_Swag Labs/input_Swag Labs_login-button' is clicked on

21-03-2024T10:23:29 - [TEST_STEP][PASSED] - waitForAlert(3): No alert found after 3 second(s).

21-03-2024T10:23:32 - [MESSAGE][WARNING] - No alert found after 3 second(s).]]></system-out>
         <system-err><![CDATA[]]></system-err>
      </testcase>
      <testcase name="Test Cases/TestCaseLAB4" time="9.538" classname="Test Cases/TestCaseLAB4" status="PASSED">
         <system-out><![CDATA[21-03-2024T10:23:32 - [TEST_CASE][PASSED] - Test Cases/TestCaseLAB4: Test Cases/TestCaseLAB4

21-03-2024T10:23:32 - [TEST_STEP][PASSED] - openBrowser(""): Browser is opened with url: ''

21-03-2024T10:23:32 - [MESSAGE][WARNING] - A browser is already opened. Closing browser and opening a new one

21-03-2024T10:23:32 - [MESSAGE][INFO] - Starting 'Chrome' driver

21-03-2024T10:23:32 - [MESSAGE][INFO] - Action delay is set to 0 milliseconds

21-03-2024T10:23:33 - [MESSAGE][PASSED] - Browser is opened with url: ''

21-03-2024T10:23:33 - [TEST_STEP][PASSED] - navigateToUrl("https://www.saucedemo.com/"): Navigate to 'https://www.saucedemo.com/' successfully

21-03-2024T10:23:34 - [MESSAGE][PASSED] - Navigate to 'https://www.saucedemo.com/' successfully

21-03-2024T10:23:34 - [TEST_STEP][PASSED] - setText(findTestObject("Object Repository/Page_Swag Labs/input_Swag Labs_user-name"), username): Text 'error_user' is set on object 'Object Repository/Page_Swag Labs/input_Swag Labs_user-name'

21-03-2024T10:23:37 - [MESSAGE][PASSED] - Text 'error_user' is set on object 'Object Repository/Page_Swag Labs/input_Swag Labs_user-name'

21-03-2024T10:23:37 - [TEST_STEP][PASSED] - click(findTestObject("Object Repository/Page_Swag Labs/input_Swag Labs_user-name")): Object: 'Object Repository/Page_Swag Labs/input_Swag Labs_user-name' is clicked on

21-03-2024T10:23:38 - [MESSAGE][PASSED] - Object: 'Object Repository/Page_Swag Labs/input_Swag Labs_user-name' is clicked on

21-03-2024T10:23:38 - [TEST_STEP][PASSED] - setText(findTestObject("Object Repository/Page_Swag Labs/input_Swag Labs_password"), password): Text 'secret_sauce' is set on object 'Object Repository/Page_Swag Labs/input_Swag Labs_password'

21-03-2024T10:23:38 - [MESSAGE][PASSED] - Text 'secret_sauce' is set on object 'Object Repository/Page_Swag Labs/input_Swag Labs_password'

21-03-2024T10:23:38 - [TEST_STEP][PASSED] - click(findTestObject("Object Repository/Page_Swag Labs/input_Swag Labs_login-button")): Object: 'Object Repository/Page_Swag Labs/input_Swag Labs_login-button' is clicked on

21-03-2024T10:23:39 - [MESSAGE][PASSED] - Object: 'Object Repository/Page_Swag Labs/input_Swag Labs_login-button' is clicked on

21-03-2024T10:23:39 - [TEST_STEP][PASSED] - waitForAlert(3): No alert found after 3 second(s).

21-03-2024T10:23:42 - [MESSAGE][WARNING] - No alert found after 3 second(s).]]></system-out>
         <system-err><![CDATA[]]></system-err>
      </testcase>
      <system-out><![CDATA[21-03-2024T10:22:38 - [TEST_SUITE][PASSED] - TestSuitLab4: Test Cases/TestCaseLAB4]]></system-out>
      <system-err><![CDATA[]]></system-err>
   </testsuite>
</testsuites>
